3.3.8
[ERROR] MFA/Kalpy version mismatch: Kalpy TrainingGraphCompiler does not accept 'use_g2p'.
[ERROR] Repair the conda env with:
[ERROR]   conda update -c conda-forge montreal-forced-aligner kalpy 'kaldi=*=cpu*' --update-deps

================================================================================
                     Resource Usage on 07/07/2026 21:18:55                      

Job Id: 8492905 
Queue: SIMI
Walltime: 00:00:43  (requested 12:00:00)
Job unsuccessful. Exit Status 1 - Exit status refers to the exit value of the
top process in the job, typically the shell.
This may be the exit value of the last command executed in the shell.
See job output error.

--------------------------------------------------------------------------------
|              |             GPUs              |            Memory             |
--------------------------------------------------------------------------------
| Node  GPU ID | Requested   Used   Efficiency | Available   Used              |
| k102    1    |     1        0.0       0%     | 32768 MiB   0.0B              |
--------------------------------------------------------------------------------
|Total         |     1        0.0      0.0%    |                               |
--------------------------------------------------------------------------------

--------------------------------------------------------------------------------
|              |             CPUs              |            Memory             |
--------------------------------------------------------------------------------
| Node         | Requested   Used   Efficiency | Requested   Used   Efficiency |
| k102         |     1       0.14      14.0%   |  32.0gb    0.55gb     1.7%    |
--------------------------------------------------------------------------------
